<?xml version="1.0" encoding="UTF-8"?>
<!-- Generated by org.testng.reporters.JUnitReportReporter -->
<testsuite hostname="DESKTOP-RGVI8T0" failures="0" tests="3" name="com.test.OrangeHRMTest" time="13.812" errors="0" timestamp="2025-02-09T17:30:54 IST" skipped="0">
  <testcase classname="com.test.OrangeHRMTest" name="orangeHrmLogin" time="10.394"/>
  <testcase classname="com.test.OrangeHRMTest" name="checkAdminButtonDisplayed" time="1.792"/>
  <testcase classname="com.test.OrangeHRMTest" name="logOutOrangeHrm" time="1.626"/>
</testsuite> <!-- com.test.OrangeHRMTest -->
