<?xml version="1.0" encoding="UTF-8"?>
<!-- Generated by org.testng.reporters.JUnitReportReporter -->
<testsuite hostname="DESKTOP-RGVI8T0" failures="0" tests="5" name="prioritySet.PriorityDemo" time="0.014" errors="0" timestamp="2025-02-06T21:49:33 IST" skipped="1">
  <testcase classname="prioritySet.PriorityDemo" name="d" time="0.011"/>
  <system-out/>
  <testcase classname="prioritySet.PriorityDemo" name="c" time="0.001"/>
  <system-out/>
  <testcase classname="prioritySet.PriorityDemo" name="c" time="0.001"/>
  <system-out/>
  <testcase classname="prioritySet.PriorityDemo" name="b" time="0.001"/>
  <system-out/>
  <testcase classname="prioritySet.PriorityDemo" name="e">
    <skipped/>
  </testcase> <!-- e -->
  <system-out/>
</testsuite> <!-- prioritySet.PriorityDemo -->
