<?xml version="1.0" encoding="UTF-8"?>
<!-- Generated by org.testng.reporters.JUnitReportReporter -->
<testsuite hostname="DESKTOP-RGVI8T0" failures="0" tests="1" name="testNGDemo.AssertTrueDemo" time="6.876" errors="0" timestamp="2025-02-05T22:43:54 IST" skipped="0">
  <testcase classname="testNGDemo.AssertTrueDemo" name="loginToOrangeHrmDemo" time="6.876"/>
  <system-out/>
</testsuite> <!-- testNGDemo.AssertTrueDemo -->
