<?xml version="1.0" encoding="UTF-8"?>
<!-- Generated by org.testng.reporters.JUnitReportReporter -->
<testsuite hostname="DESKTOP-RGVI8T0" failures="0" tests="5" name="xmlDemo.PriorityDemo" time="0.014" errors="0" timestamp="2025-02-06T22:06:00 IST" skipped="1">
  <testcase classname="xmlDemo.PriorityDemo" name="d" time="0.010"/>
  <system-out/>
  <testcase classname="xmlDemo.PriorityDemo" name="c" time="0.001"/>
  <system-out/>
  <testcase classname="xmlDemo.PriorityDemo" name="c" time="0.002"/>
  <system-out/>
  <testcase classname="xmlDemo.PriorityDemo" name="b" time="0.001"/>
  <system-out/>
  <testcase classname="xmlDemo.PriorityDemo" name="e">
    <skipped/>
  </testcase> <!-- e -->
  <system-out/>
</testsuite> <!-- xmlDemo.PriorityDemo -->
