<?xml version="1.0" encoding="UTF-8"?>
<!-- Generated by org.testng.reporters.JUnitReportReporter -->
<testsuite hostname="DESKTOP-RGVI8T0" failures="0" tests="1" name="groupDemo.SignUp" time="0.011" errors="0" timestamp="2025-02-07T18:22:11 IST" skipped="0">
  <testcase classname="groupDemo.SignUp" name="signUp" time="0.011"/>
  <system-out/>
</testsuite> <!-- groupDemo.SignUp -->
