<?xml version="1.0" encoding="UTF-8"?>
<!-- Generated by org.testng.reporters.JUnitReportReporter -->
<testsuite hostname="DESKTOP-RGVI8T0" failures="0" tests="3" name="listenersDemo.OrangeHrmTestcases" time="11.026" errors="0" timestamp="2025-02-08T22:23:40 IST" skipped="0">
  <testcase classname="listenersDemo.OrangeHrmTestcases" name="orangeHrmLogin" time="6.649"/>
  <system-out/>
  <testcase classname="listenersDemo.OrangeHrmTestcases" name="checkAdminButtonDisplayed" time="2.804"/>
  <system-out/>
  <testcase classname="listenersDemo.OrangeHrmTestcases" name="logOutOrangeHrm" time="1.573"/>
  <system-out/>
</testsuite> <!-- listenersDemo.OrangeHrmTestcases -->
