<?xml version="1.0" encoding="UTF-8"?>
<!-- Generated by org.testng.reporters.JUnitReportReporter -->
<testsuite hostname="DESKTOP-RGVI8T0" failures="0" tests="1" name="testNGDemo.SampleTestcase" time="2.097" errors="0" timestamp="2025-02-05T15:31:27 IST" skipped="0">
  <testcase classname="testNGDemo.SampleTestcase" name="launchFacebookPage" time="2.097"/>
  <system-out/>
</testsuite> <!-- testNGDemo.SampleTestcase -->
