<?xml version="1.0" encoding="UTF-8"?>
<!-- Generated by org.testng.reporters.JUnitReportReporter -->
<testsuite hostname="DESKTOP-RGVI8T0" failures="0" tests="2" name="annotations.AnnotationsDemo" time="0.023" errors="0" timestamp="2025-02-07T21:14:51 IST" skipped="0">
  <testcase classname="annotations.AnnotationsDemo" name="productAddToCart" time="0.021"/>
  <system-out/>
  <testcase classname="annotations.AnnotationsDemo" name="remove" time="0.002"/>
  <system-out/>
</testsuite> <!-- annotations.AnnotationsDemo -->
