<?xml version="1.0" encoding="UTF-8"?>
<!-- Generated by org.testng.reporters.JUnitReportReporter -->
<testsuite hostname="DESKTOP-RGVI8T0" failures="0" tests="1" name="testNGDemo.MultipleAssertionDemo" time="10.696" errors="0" timestamp="2025-02-06T14:01:05 IST" skipped="0">
  <testcase classname="testNGDemo.MultipleAssertionDemo" name="loginToOrangeHrmDemo" time="10.696"/>
  <system-out/>
</testsuite> <!-- testNGDemo.MultipleAssertionDemo -->
