<?xml version="1.0" encoding="UTF-8"?>
<!-- Generated by org.testng.reporters.JUnitReportReporter -->
<testsuite hostname="DESKTOP-RGVI8T0" failures="0" tests="1" name="testNGDemo.AssertNotequalDemo" time="9.562" errors="0" timestamp="2025-02-05T22:31:33 IST" skipped="0">
  <testcase classname="testNGDemo.AssertNotequalDemo" name="loginToOrangeHrmDemo" time="9.562"/>
  <system-out/>
</testsuite> <!-- testNGDemo.AssertNotequalDemo -->
