<?xml version="1.0" encoding="UTF-8"?>
<!-- Generated by org.testng.reporters.JUnitReportReporter -->
<testsuite hostname="DESKTOP-RGVI8T0" failures="0" tests="4" name="xmlDemo.RunTestcaseswithXMLfile" time="0.004" errors="0" timestamp="2025-02-06T22:06:00 IST" skipped="0">
  <testcase classname="xmlDemo.RunTestcaseswithXMLfile" name="b" time="0.001"/>
  <system-out/>
  <testcase classname="xmlDemo.RunTestcaseswithXMLfile" name="c" time="0.001"/>
  <system-out/>
  <testcase classname="xmlDemo.RunTestcaseswithXMLfile" name="d" time="0.001"/>
  <system-out/>
  <testcase classname="xmlDemo.RunTestcaseswithXMLfile" name="e" time="0.001"/>
  <system-out/>
</testsuite> <!-- xmlDemo.RunTestcaseswithXMLfile -->
