<?xml version="1.0" encoding="UTF-8"?>
<!-- Generated by org.testng.reporters.JUnitReportReporter -->
<testsuite hostname="DESKTOP-RGVI8T0" failures="0" tests="2" name="dataProviderDemo.RunTestwithDataProvider" time="12.082" errors="0" timestamp="2025-02-07T16:07:57 IST" skipped="0">
  <testcase classname="dataProviderDemo.RunTestwithDataProvider" name="loginOrangeHRM" time="6.300"/>
  <system-out/>
  <testcase classname="dataProviderDemo.RunTestwithDataProvider" name="loginOrangeHRM" time="5.782"/>
  <system-out/>
</testsuite> <!-- dataProviderDemo.RunTestwithDataProvider -->
