<?xml version="1.0" encoding="UTF-8"?>
<!-- Generated by org.testng.reporters.JUnitReportReporter -->
<testsuite hostname="DESKTOP-RGVI8T0" failures="0" tests="1" name="xmlDemo.ParameterDemo" time="5.124" errors="0" timestamp="2025-02-07T14:17:52 IST" skipped="0">
  <testcase classname="xmlDemo.ParameterDemo" name="loginOrangeHrm" time="5.124"/>
  <system-out/>
</testsuite> <!-- xmlDemo.ParameterDemo -->
