<?xml version="1.0" encoding="UTF-8"?>
<!-- Generated by org.testng.reporters.JUnitReportReporter -->
<testsuite hostname="DESKTOP-RGVI8T0" failures="0" tests="2" name="dependsOnMethods.DependsOnMethodsDemo" time="0.017" errors="0" timestamp="2025-02-07T18:52:05 IST" skipped="0">
  <testcase classname="dependsOnMethods.DependsOnMethodsDemo" name="applyLeave" time="0.015"/>
  <system-out/>
  <testcase classname="dependsOnMethods.DependsOnMethodsDemo" name="approveLeave" time="0.002"/>
  <system-out/>
</testsuite> <!-- dependsOnMethods.DependsOnMethodsDemo -->
