<?xml version="1.0" encoding="UTF-8"?>
<!-- Generated by org.testng.reporters.JUnitReportReporter -->
<testsuite hostname="DESKTOP-RGVI8T0" failures="0" tests="2" name="groupDemo.GroupRunOfTestCases" time="0.003" errors="0" timestamp="2025-02-07T18:22:11 IST" skipped="0">
  <testcase classname="groupDemo.GroupRunOfTestCases" name="resetPassword_2" time="0.001"/>
  <system-out/>
  <testcase classname="groupDemo.GroupRunOfTestCases" name="login_1" time="0.002"/>
  <system-out/>
</testsuite> <!-- groupDemo.GroupRunOfTestCases -->
