<?xml version="1.0" encoding="UTF-8"?>
<!-- Generated by org.testng.reporters.JUnitReportReporter -->
<testsuite hostname="DESKTOP-RGVI8T0" failures="0" tests="1" name="testNGDemo.AssertequalDemo" time="7.295" errors="0" timestamp="2025-02-05T22:28:34 IST" skipped="0">
  <testcase classname="testNGDemo.AssertequalDemo" name="loginToOrangeHrmDemo" time="7.295"/>
  <system-out/>
</testsuite> <!-- testNGDemo.AssertequalDemo -->
